[    0.000000] Linux version 4.15.0-213-generic (buildd@lcy02-amd64-079) (gcc version 7.5.0 (Ubuntu 7.5.0-3ubuntu1~18.04)) #224-Ubuntu SMP Mon Jun 19 13:30:12 UTC 2023 (Ubuntu 4.15.0-213.224-generic 4.15.18)
[    0.000000] Command line: BOOT_IMAGE=/boot/vmlinuz-4.15.0-213-generic root=UUID=f685bb41-0e3b-40c4-89c1-eea0f0583525 ro console=tty1 console=ttyS0
[    0.000000] KERNEL supported cpus:
[    0.000000]   Intel GenuineIntel
[    0.000000]   AMD AuthenticAMD
[    0.000000]   Centaur CentaurHauls
[    0.000000] x86/fpu: x87 FPU will use FXSAVE
[    0.000000] e820: BIOS-provided physical RAM map:
[    0.000000] BIOS-e820: [mem 0x0000000000000000-0x000000000009fbff] usable
[    0.000000] BIOS-e820: [mem 0x000000000009fc00-0x000000000009ffff] reserved
[    0.000000] BIOS-e820: [mem 0x00000000000f0000-0x00000000000fffff] reserved
[    0.000000] BIOS-e820: [mem 0x0000000000100000-0x000000001ffeffff] usable
[    0.000000] BIOS-e820: [mem 0x000000001fff0000-0x000000001fffffff] ACPI data
[    0.000000] BIOS-e820: [mem 0x00000000fec00000-0x00000000fec00fff] reserved
[    0.000000] BIOS-e820: [mem 0x00000000fee00000-0x00000000fee00fff] reserved
[    0.000000] BIOS-e820: [mem 0x00000000fffc0000-0x00000000ffffffff] reserved
[    0.000000] NX (Execute Disable) protection: active
[    0.000000] SMBIOS 2.5 present.
[    0.000000] DMI: innotek GmbH VirtualBox/VirtualBox, BIOS VirtualBox 12/01/2006
[    0.000000] Hypervisor detected: KVM
[    0.000000] e820: last_pfn = 0x1fff0 max_arch_pfn = 0x400000000
[    0.000000] MTRR: Disabled
[    0.000000] x86/PAT: MTRRs disabled, skipping PAT initialization too.
[    0.000000] CPU MTRRs all blank - virtualized system.
[    0.000000] x86/PAT: Configuration [0-7]: WB  WT  UC- UC  WB  WT  UC- UC  
[    0.000000] found SMP MP-table at [mem 0x0009fff0-0x0009ffff]
[    0.000000] Scanning 1 areas for low memory corruption
[    0.000000] RAMDISK: [mem 0x1d9ed000-0x1edd7fff]
[    0.000000] ACPI: Early table checksum verification disabled
[    0.000000] ACPI: RSDP 0x00000000000E0000 000024 (v02 VBOX  )
[    0.000000] ACPI: XSDT 0x000000001FFF0030 00003C (v01 VBOX   VBOXXSDT 00000001 ASL  00000061)
[    0.000000] ACPI: FACP 0x000000001FFF00F0 0000F4 (v04 VBOX   VBOXFACP 00000001 ASL  00000061)
[    0.000000] ACPI: DSDT 0x000000001FFF0610 002353 (v02 VBOX   VBOXBIOS 00000002 INTL 20100528)
[    0.000000] ACPI: FACS 0x000000001FFF0200 000040
[    0.000000] ACPI: FACS 0x000000001FFF0200 000040
[    0.000000] ACPI: APIC 0x000000001FFF0240 000054 (v02 VBOX   VBOXAPIC 00000001 ASL  00000061)
[    0.000000] ACPI: SSDT 0x000000001FFF02A0 00036C (v01 VBOX   VBOXCPUT 00000002 INTL 20100528)
[    0.000000] ACPI: Reserving FACP table memory at [mem 0x1fff00f0-0x1fff01e3]
[    0.000000] ACPI: Reserving DSDT table memory at [mem 0x1fff0610-0x1fff2962]
[    0.000000] ACPI: Reserving FACS table memory at [mem 0x1fff0200-0x1fff023f]
[    0.000000] ACPI: Reserving FACS table memory at [mem 0x1fff0200-0x1fff023f]
[    0.000000] ACPI: Reserving APIC table memory at [mem 0x1fff0240-0x1fff0293]
[    0.000000] ACPI: Reserving SSDT table memory at [mem 0x1fff02a0-0x1fff060b]
[    0.000000] No NUMA configuration found
[    0.000000] Faking a node at [mem 0x0000000000000000-0x000000001ffeffff]
[    0.000000] NODE_DATA(0) allocated [mem 0x1ffc5000-0x1ffeffff]
[    0.000000] kvm-clock: cpu 0, msr 0:1ff44001, primary cpu clock
[    0.000000] kvm-clock: Using msrs 4b564d01 and 4b564d00
[    0.000000] kvm-clock: using sched offset of 5586619634 cycles
[    0.000000] clocksource: kvm-clock: mask: 0xffffffffffffffff max_cycles: 0x1cd42e4dffb, max_idle_ns: 881590591483 ns
[    0.000000] Zone ranges:
[    0.000000]   DMA      [mem 0x0000000000001000-0x0000000000ffffff]
[    0.000000]   DMA32    [mem 0x0000000001000000-0x000000001ffeffff]
[    0.000000]   Normal   empty
[    0.000000]   Device   empty
[    0.000000] Movable zone start for each node
[    0.000000] Early memory node ranges
[    0.000000]   node   0: [mem 0x0000000000001000-0x000000000009efff]
[    0.000000]   node   0: [mem 0x0000000000100000-0x000000001ffeffff]
[    0.000000] Reserved but unavailable: 104 pages
[    0.000000] Initmem setup node 0 [mem 0x0000000000001000-0x000000001ffeffff]
[    0.000000] ACPI: PM-Timer IO Port: 0x4008
[    0.000000] IOAPIC[0]: apic_id 1, version 32, address 0xfec00000, GSI 0-23
[    0.000000] ACPI: INT_SRC_OVR (bus 0 bus_irq 0 global_irq 2 dfl dfl)
[    0.000000] ACPI: INT_SRC_OVR (bus 0 bus_irq 9 global_irq 9 low level)
[    0.000000] Using ACPI (MADT) for SMP configuration information
[    0.000000] smpboot: Allowing 1 CPUs, 0 hotplug CPUs
[    0.000000] PM: Registered nosave memory: [mem 0x00000000-0x00000fff]
[    0.000000] PM: Registered nosave memory: [mem 0x0009f000-0x0009ffff]
[    0.000000] PM: Registered nosave memory: [mem 0x000a0000-0x000effff]
[    0.000000] PM: Registered nosave memory: [mem 0x000f0000-0x000fffff]
[    0.000000] e820: [mem 0x20000000-0xfebfffff] available for PCI devices
[    0.000000] Booting paravirtualized kernel on KVM
[    0.000000] clocksource: refined-jiffies: mask: 0xffffffff max_cycles: 0xffffffff, max_idle_ns: 7645519600211568 ns
[    0.000000] setup_percpu: NR_CPUS:8192 nr_cpumask_bits:1 nr_cpu_ids:1 nr_node_ids:1
[    0.000000] percpu: Embedded 50 pages/cpu s167936 r8192 d28672 u2097152
[    0.000000] PV qspinlock hash table entries: 256 (order: 0, 4096 bytes)
[    0.000000] Built 1 zonelists, mobility grouping on.  Total pages: 128889
[    0.000000] Policy zone: DMA32
[    0.000000] Kernel command line: BOOT_IMAGE=/boot/vmlinuz-4.15.0-213-generic root=UUID=f685bb41-0e3b-40c4-89c1-eea0f0583525 ro console=tty1 console=ttyS0
[    0.000000] Memory: 465880K/523832K available (12300K kernel code, 2477K rwdata, 4324K rodata, 2480K init, 2720K bss, 57952K reserved, 0K cma-reserved)
[    0.000000] SLUB: HWalign=64, Order=0-3, MinObjects=0, CPUs=1, Nodes=1
[    0.000000] Kernel/User page tables isolation: enabled
[    0.000000] ftrace: allocating 39508 entries in 155 pages
[    0.004000] Hierarchical RCU implementation.
[    0.004000] 	RCU restricting CPUs from NR_CPUS=8192 to nr_cpu_ids=1.
[    0.004000] 	Tasks RCU enabled.
[    0.004000] RCU: Adjusting geometry for rcu_fanout_leaf=16, nr_cpu_ids=1
[    0.004000] NR_IRQS: 524544, nr_irqs: 256, preallocated irqs: 16
[    0.004000] random: crng init done
[    0.004000] Console: colour VGA+ 80x25
[    0.004000] console [tty1] enabled
[    0.004000] console [ttyS0] enabled
[    0.004000] ACPI: Core revision 20170831
[    0.004000] ACPI: 2 ACPI AML tables successfully acquired and loaded
[    0.004000] APIC: Switch to symmetric I/O mode setup
[    0.008000] ..TIMER: vector=0x30 apic1=0 pin1=2 apic2=-1 pin2=-1
[    0.008009] tsc: Detected 1991.999 MHz processor
[    0.012017] Calibrating delay loop (skipped) preset value.. 3983.99 BogoMIPS (lpj=7967996)
[    0.016009] pid_max: default: 32768 minimum: 301
[    0.020052] Security Framework initialized
[    0.024015] Yama: becoming mindful.
[    0.028042] AppArmor: AppArmor initialized
[    0.032195] Dentry cache hash table entries: 65536 (order: 7, 524288 bytes)
[    0.036077] Inode-cache hash table entries: 32768 (order: 6, 262144 bytes)
[    0.040034] Mount-cache hash table entries: 1024 (order: 1, 8192 bytes)
[    0.044016] Mountpoint-cache hash table entries: 1024 (order: 1, 8192 bytes)
[    0.055116] Last level iTLB entries: 4KB 64, 2MB 8, 4MB 8
[    0.056008] Last level dTLB entries: 4KB 64, 2MB 0, 4MB 0, 1GB 4
[    0.060010] Spectre V1 : Mitigation: usercopy/swapgs barriers and __user pointer sanitization
[    0.064008] Spectre V2 : Mitigation: Retpolines
[    0.068010] Spectre V2 : Spectre v2 / SpectreRSB mitigation: Filling RSB on context switch
[    0.072007] Spectre V2 : Spectre v2 / SpectreRSB : Filling RSB on VMEXIT
[    0.076007] RETBleed: WARNING: Spectre v2 mitigation leaves CPU vulnerable to RETBleed attacks, data leaks possible!
[    0.080008] RETBleed: Vulnerable
[    0.084007] Speculative Store Bypass: Vulnerable
[    0.088162] MDS: Mitigation: Clear CPU buffers
[    0.092009] MMIO Stale Data: Mitigation: Clear CPU buffers
[    0.096010] SRBDS: Unknown: Dependent on hypervisor status
[    0.112000] Freeing SMP alternatives memory: 36K
[    0.232006] APIC calibration not consistent with PM-Timer: 102ms instead of 100ms
[    0.236000] APIC delta adjusted to PM-Timer: 6321267 (6500370)
[    0.237024] smpboot: CPU0: Intel(R) Core(TM) i3-6006U CPU @ 2.00GHz (family: 0x6, model: 0x4e, stepping: 0x3)
[    0.240108] Performance Events: unsupported p6 CPU model 78 no PMU driver, software events only.
[    0.244084] Hierarchical SRCU implementation.
[    0.249058] NMI watchdog: Perf event create on CPU 0 failed with -2
[    0.252206] NMI watchdog: Perf NMI watchdog permanently disabled
[    0.256093] smp: Bringing up secondary CPUs ...
[    0.260010] smp: Brought up 1 node, 1 CPU
[    0.264008] smpboot: Max logical packages: 1
[    0.268011] smpboot: Total of 1 processors activated (3983.99 BogoMIPS)
[    0.272213] devtmpfs: initialized
[    0.276083] x86/mm: Memory block size: 128MB
[    0.280188] evm: security.selinux
[    0.284013] evm: security.SMACK64
[    0.288009] evm: security.SMACK64EXEC
[    0.292008] evm: security.SMACK64TRANSMUTE
[    0.296009] evm: security.SMACK64MMAP
[    0.300005] evm: security.apparmor
[    0.304009] evm: security.ima
[    0.308006] evm: security.capability
[    0.312202] clocksource: jiffies: mask: 0xffffffff max_cycles: 0xffffffff, max_idle_ns: 7645041785100000 ns
[    0.316028] futex hash table entries: 256 (order: 2, 16384 bytes)
[    0.320085] pinctrl core: initialized pinctrl subsystem
[    0.324878] RTC time: 13:37:10, date: 08/22/24
[    0.332228] NET: Registered protocol family 16
[    0.336111] audit: initializing netlink subsys (disabled)
[    0.340236] cpuidle: using governor ladder
[    0.344018] audit: type=2000 audit(1724333836.328:1): state=initialized audit_enabled=0 res=1
[    0.348019] cpuidle: using governor menu
[    0.356084] ACPI: bus type PCI registered
[    0.360010] acpiphp: ACPI Hot Plug PCI Controller Driver version: 0.5
[    0.368146] PCI: Using configuration type 1 for base access
[    0.373837] HugeTLB registered 2.00 MiB page size, pre-allocated 0 pages
[    0.376266] ACPI: Added _OSI(Module Device)
[    0.380014] ACPI: Added _OSI(Processor Device)
[    0.384012] ACPI: Added _OSI(3.0 _SCP Extensions)
[    0.388012] ACPI: Added _OSI(Processor Aggregator Device)
[    0.392025] ACPI: Added _OSI(Linux-Dell-Video)
[    0.396031] ACPI: Added _OSI(Linux-Lenovo-NV-HDMI-Audio)
[    0.400011] ACPI: Added _OSI(Linux-HPI-Hybrid-Graphics)
[    0.409376] ACPI: Executed 1 blocks of module-level executable AML code
[    0.422382] ACPI: Interpreter enabled
[    0.424032] ACPI: (supports S0 S5)
[    0.428007] ACPI: Using IOAPIC for interrupt routing
[    0.436903] PCI: Using host bridge windows from ACPI; if necessary, use "pci=nocrs" and report a bug
[    0.440522] ACPI: Enabled 2 GPEs in block 00 to 07
[    0.466962] ACPI: PCI Root Bridge [PCI0] (domain 0000 [bus 00-ff])
[    0.468023] acpi PNP0A03:00: _OSC: OS supports [ASPM ClockPM Segments MSI]
[    0.473664] acpi PNP0A03:00: _OSC: not requesting OS control; OS requires [ExtendedConfig ASPM ClockPM MSI]
[    0.476037] acpi PNP0A03:00: fail to add MMCONFIG information, can't access extended PCI configuration space under this bridge.
[    0.481501] PCI host bridge to bus 0000:00
[    0.484015] pci_bus 0000:00: root bus resource [io  0x0000-0x0cf7 window]
[    0.488013] pci_bus 0000:00: root bus resource [io  0x0d00-0xffff window]
[    0.492012] pci_bus 0000:00: root bus resource [mem 0x000a0000-0x000bffff window]
[    0.496013] pci_bus 0000:00: root bus resource [mem 0x20000000-0xfdffffff window]
[    0.500012] pci_bus 0000:00: root bus resource [bus 00-ff]
[    0.521921] pci 0000:00:01.1: legacy IDE quirk: reg 0x10: [io  0x01f0-0x01f7]
[    0.524011] pci 0000:00:01.1: legacy IDE quirk: reg 0x14: [io  0x03f6]
[    0.528010] pci 0000:00:01.1: legacy IDE quirk: reg 0x18: [io  0x0170-0x0177]
[    0.532011] pci 0000:00:01.1: legacy IDE quirk: reg 0x1c: [io  0x0376]
[    0.584586] pci 0000:00:07.0: quirk: [io  0x4000-0x403f] claimed by PIIX4 ACPI
[    0.588090] pci 0000:00:07.0: quirk: [io  0x4100-0x410f] claimed by PIIX4 SMB
[    0.610197] ACPI: PCI Interrupt Link [LNKA] (IRQs 5 9 10 *11)
[    0.614063] ACPI: PCI Interrupt Link [LNKB] (IRQs 5 9 *10 11)
[    0.616468] ACPI: PCI Interrupt Link [LNKC] (IRQs 5 *9 10 11)
[    0.620538] ACPI: PCI Interrupt Link [LNKD] (IRQs 5 9 10 *11)
[    0.628619] SCSI subsystem initialized
[    0.632249] pci 0000:00:02.0: vgaarb: setting as boot VGA device
[    0.636000] pci 0000:00:02.0: vgaarb: VGA device added: decodes=io+mem,owns=io+mem,locks=none
[    0.636014] pci 0000:00:02.0: vgaarb: bridge control possible
[    0.640010] vgaarb: loaded
[    0.644079] ACPI: bus type USB registered
[    0.648059] usbcore: registered new interface driver usbfs
[    0.652036] usbcore: registered new interface driver hub
[    0.656032] usbcore: registered new device driver usb
[    0.660117] EDAC MC: Ver: 3.0.0
[    0.665498] PCI: Using ACPI for IRQ routing
[    0.673026] NetLabel: Initializing
[    0.676008] NetLabel:  domain hash size = 128
[    0.680008] NetLabel:  protocols = UNLABELED CIPSOv4 CALIPSO
[    0.684055] NetLabel:  unlabeled traffic allowed by default
[    0.688202] clocksource: Switched to clocksource kvm-clock
[    0.764779] VFS: Disk quotas dquot_6.6.0
[    0.780215] VFS: Dquot-cache hash table entries: 512 (order 0, 4096 bytes)
[    0.795748] AppArmor: AppArmor Filesystem Enabled
[    0.806713] pnp: PnP ACPI init
[    0.817629] pnp: PnP ACPI: found 3 devices
[    0.838241] clocksource: acpi_pm: mask: 0xffffff max_cycles: 0xffffff, max_idle_ns: 2085701024 ns
[    0.857918] NET: Registered protocol family 2
[    0.869231] IP idents hash table entries: 8192 (order: 4, 65536 bytes)
[    0.883043] TCP established hash table entries: 4096 (order: 3, 32768 bytes)
[    0.897830] TCP bind hash table entries: 4096 (order: 4, 65536 bytes)
[    0.911591] TCP: Hash tables configured (established 4096 bind 4096)
[    0.924515] UDP hash table entries: 256 (order: 1, 8192 bytes)
[    0.937935] UDP-Lite hash table entries: 256 (order: 1, 8192 bytes)
[    0.950178] NET: Registered protocol family 1
[    0.960417] pci 0000:00:00.0: Limiting direct PCI/PCI transfers
[    0.972352] pci 0000:00:01.0: Activating ISA DMA hang workarounds
[    0.986243] pci 0000:00:02.0: Video device with shadowed ROM at [mem 0x000c0000-0x000dffff]
[    1.003436] Unpacking initramfs...
[    2.044099] Freeing initrd memory: 20396K
[    2.056379] clocksource: tsc: mask: 0xffffffffffffffff max_cycles: 0x396d4ffc055, max_idle_ns: 881590662783 ns
[    2.076898] platform rtc_cmos: registered platform RTC device (no PNP device found)
[    2.092546] Scanning for low memory corruption every 60 seconds
[    2.106619] Initialise system trusted keyrings
[    2.115632] Key type blacklist registered
[    2.123539] workingset: timestamp_bits=36 max_order=17 bucket_order=0
[    2.140516] zbud: loaded
[    2.149260] squashfs: version 4.0 (2009/01/31) Phillip Lougher
[    2.161255] fuse init (API version 7.26)
[    2.175096] Key type asymmetric registered
[    2.184259] Asymmetric key parser 'x509' registered
[    2.195755] Block layer SCSI generic (bsg) driver version 0.4 loaded (major 246)
[    2.211235] io scheduler noop registered
[    2.219733] io scheduler deadline registered
[    2.228724] io scheduler cfq registered (default)
[    2.241472] ACPI: AC Adapter [AC] (on-line)
[    2.251447] input: Power Button as /devices/LNXSYSTM:00/LNXPWRBN:00/input/input0
[    2.267926] ACPI: Power Button [PWRF]
[    2.276775] input: Sleep Button as /devices/LNXSYSTM:00/LNXSLPBN:00/input/input1
[    2.291205] ACPI: Sleep Button [SLPF]
[    2.303270] ACPI: Battery Slot [BAT0] (battery present)
[    2.314293] Serial: 8250/16550 driver, 32 ports, IRQ sharing enabled
[    2.381057] 00:02: ttyS0 at I/O 0x3f8 (irq = 4, base_baud = 115200) is a 16550A
[    2.400426] Linux agpgart interface v0.103
[    2.416372] loop: module loaded
[    2.435356] scsi host0: ata_piix
[    2.445030] scsi host1: ata_piix
[    2.453104] ata1: PATA max UDMA/33 cmd 0x1f0 ctl 0x3f6 bmdma 0xd000 irq 14
[    2.465933] ata2: PATA max UDMA/33 cmd 0x170 ctl 0x376 bmdma 0xd008 irq 15
[    2.484791] tun: Universal TUN/TAP device driver, 1.6
[    2.495740] PPP generic driver version 2.4.2
[    2.505057] ehci_hcd: USB 2.0 'Enhanced' Host Controller (EHCI) Driver
[    2.518912] ehci-pci: EHCI PCI platform driver
[    2.528083] ehci-platform: EHCI generic platform driver
[    2.540505] ohci_hcd: USB 1.1 'Open' Host Controller (OHCI) Driver
[    2.552571] ohci-pci: OHCI PCI platform driver
[    2.563030] ohci-platform: OHCI generic platform driver
[    2.573789] uhci_hcd: USB Universal Host Controller Interface driver
[    2.588101] i8042: PNP: PS/2 Controller [PNP0303:PS2K,PNP0f03:PS2M] at 0x60,0x64 irq 1,12
[    2.611029] serio: i8042 KBD port at 0x60,0x64 irq 1
[    2.622402] serio: i8042 AUX port at 0x60,0x64 irq 12
[    2.632661] mousedev: PS/2 mouse device common for all mice
[    2.745626] input: AT Translated Set 2 keyboard as /devices/platform/i8042/serio0/input/input2
[    2.765179] rtc_cmos rtc_cmos: rtc core: registered rtc_cmos as rtc0
[    2.779291] rtc_cmos rtc_cmos: alarms up to one day, 114 bytes nvram
[    2.794461] i2c /dev entries driver
[    2.802196] device-mapper: uevent: version 1.0.3
[    2.811535] device-mapper: ioctl: 4.37.0-ioctl (2017-09-20) initialised: dm-devel@redhat.com
[    2.829089] ledtrig-cpu: registered to indicate activity on CPUs
[    2.844037] NET: Registered protocol family 10
[    2.863791] Segment Routing with IPv6
[    2.872234] NET: Registered protocol family 17
[    2.882871] Key type dns_resolver registered
[    2.892124] mce: Using 0 MCE banks
[    2.900552] RAS: Correctable Errors collector initialized.
[    2.911406] sched_clock: Marking stable (2911153267, 0)->(5094782579, -2183629312)
[    2.927356] registered taskstats version 1
[    2.936127] Loading compiled-in X.509 certificates
[    2.951725] Loaded X.509 cert 'Build time autogenerated kernel key: cdc7189136aaa35407544516090e2034d9c28e14'
[    2.972044] Loaded X.509 cert 'Canonical Ltd. Live Patch Signing: 14df34d1a87cf37625abec039ef2bf521249b969'
[    2.993134] Loaded X.509 cert 'Canonical Ltd. Kernel Module Signing: 88f752e560a1e0737e31163a466ad7b70a850c19'
[    3.013578] blacklist: Loading compiled-in revocation X.509 certificates
[    3.028245] Loaded X.509 cert 'Canonical Ltd. Secure Boot Signing: 61482aa2830d0ab2ad5af10b7250da9033ddcef0'
[    3.046812] Loaded X.509 cert 'Canonical Ltd. Secure Boot Signing (2017): 242ade75ac4a15e50d50c84b0d45ff3eae707a03'
[    3.067818] Loaded X.509 cert 'Canonical Ltd. Secure Boot Signing (ESM 2018): 365188c1d374d6b07c3c8f240f8ef722433d6a8b'
[    3.088954] Loaded X.509 cert 'Canonical Ltd. Secure Boot Signing (2019): c0746fd6c5da3ae827864651ad66ae47fe24b3e8'
[    3.109795] Loaded X.509 cert 'Canonical Ltd. Secure Boot Signing (2021 v1): a8d54bbb3825cfb94fa13c9f8a594a195c107b8d'
[    3.131206] Loaded X.509 cert 'Canonical Ltd. Secure Boot Signing (2021 v2): 4cf046892d6fd3c9a5b03f98d845f90851dc6a8c'
[    3.152911] Loaded X.509 cert 'Canonical Ltd. Secure Boot Signing (2021 v3): 100437bb6de6e469b581e61cd66bce3ef4ed53af'
[    3.175157] Loaded X.509 cert 'Canonical Ltd. Secure Boot Signing (Ubuntu Core 2019): c1d57b8f6b743f23ee41f4f7ee292f06eecadfb9'
[    3.198398] zswap: loaded using pool lzo/zbud
[    3.216290] Key type big_key registered
[    3.225515] Key type trusted registered
[    3.237944] Key type encrypted registered
[    3.247138] AppArmor: AppArmor sha1 policy hashing enabled
[    3.257668] ima: No TPM chip found, activating TPM-bypass! (rc=-19)
[    3.270448] ima: Allocated hash algorithm: sha1
[    3.279315] evm: HMAC attrs: 0x1
[    3.289321]   Magic number: 4:625:635
[    3.297091]   hash matches /build/linux-Mw5WOx/linux-4.15.0/drivers/base/power/main.c:1675
[    3.314985] rtc_cmos rtc_cmos: setting system clock to 2024-08-22 13:37:14 UTC (1724333834)
[    3.331965] BIOS EDD facility v0.16 2004-Jun-25, 0 devices found
[    3.343581] EDD information not available.
[    3.358521] Freeing unused kernel image memory: 2480K
[    3.376578] Write protecting the kernel read-only data: 20480k
[    3.389182] Freeing unused kernel image memory: 2008K
[    3.402997] Freeing unused kernel image memory: 1820K
[    3.422364] x86/mm: Checked W+X mappings: passed, no W+X pages found.
[    3.436216] x86/mm: Checking user space page tables
[    3.454489] x86/mm: Checked W+X mappings: passed, no W+X pages found.
Loading, please wait...
starting version 237
[    3.675524] Fusion MPT base driver 3.04.20
[    3.684361] Copyright (c) 1999-2008 LSI Corporation
[    3.698597] e1000: Intel(R) PRO/1000 Network Driver - version 7.3.21-k8-NAPI
[    3.712274] e1000: Copyright (c) 1999-2006 Intel Corporation.
[    3.809205] SSE version of gcm_enc/dec engaged.
[    3.878353] Fusion MPT SPI Host driver 3.04.20
[    4.063189] input: ImExPS/2 Generic Explorer Mouse as /devices/platform/i8042/serio1/input/input4
[    5.062443] e1000 0000:00:03.0 eth0: (PCI:33MHz:32-bit) 02:3b:7b:b7:3b:2d
[    5.076220] e1000 0000:00:03.0 eth0: Intel(R) PRO/1000 Network Connection
[    5.094770] e1000 0000:00:03.0 enp0s3: renamed from eth0
[    5.108664] mptbase: ioc0: Initiating bringup
[    5.233042] ioc0: LSI53C1030 A0: Capabilities={Initiator}
[    5.529462] scsi host2: ioc0: LSI53C1030 A0, FwRev=00000000h, Ports=1, MaxQ=256, IRQ=20
[    5.717736] scsi 2:0:0:0: Direct-Access     VBOX     HARDDISK         1.0  PQ: 0 ANSI: 5
[    5.737060] scsi target2:0:0: Beginning Domain Validation
[    5.762476] scsi target2:0:0: Domain Validation skipping write tests
[    5.775807] scsi target2:0:0: Ending Domain Validation
[    5.786942] scsi target2:0:0: asynchronous
[    5.800976] scsi 2:0:1:0: Direct-Access     VBOX     HARDDISK         1.0  PQ: 0 ANSI: 5
[    5.816424] scsi target2:0:1: Beginning Domain Validation
[    5.845754] scsi target2:0:1: Domain Validation skipping write tests
[    5.861426] scsi target2:0:1: Ending Domain Validation
[    5.872964] scsi target2:0:1: asynchronous
[    5.909028] sd 2:0:0:0: [sda] 83886080 512-byte logical blocks: (42.9 GB/40.0 GiB)
[    5.923224] sd 2:0:0:0: Attached scsi generic sg0 type 0
[    5.936504] sd 2:0:1:0: Attached scsi generic sg1 type 0
[    5.948794] sd 2:0:0:0: [sda] Write Protect is off
[    5.959703] sd 2:0:0:0: [sda] Incomplete mode parameter data
[    5.972935] sd 2:0:0:0: [sda] Assuming drive cache: write through
[    5.986036] sd 2:0:1:0: [sdb] 20480 512-byte logical blocks: (10.5 MB/10.0 MiB)
[    6.002928] sd 2:0:1:0: [sdb] Write Protect is off
[    6.015420] sd 2:0:1:0: [sdb] Incomplete mode parameter data
[    6.027000] sd 2:0:1:0: [sdb] Assuming drive cache: write through
[    6.078027]  sda: sda1
[    6.089033] sd 2:0:0:0: [sda] Attached SCSI disk
[    6.106150] sd 2:0:1:0: [sdb] Attached SCSI disk
Begin: Loading essential drivers ... [    9.580303] raid6: sse2x1   gen()  5370 MB/s
[    9.656142] raid6: sse2x1   xor()  5073 MB/s
[    9.720303] raid6: sse2x2   gen()  6568 MB/s
[    9.776101] raid6: sse2x2   xor()  4895 MB/s
[    9.840245] raid6: sse2x4   gen()  7804 MB/s
[    9.904088] raid6: sse2x4   xor()  5099 MB/s
[    9.912977] raid6: using algorithm sse2x4 gen() 7804 MB/s
[    9.924861] raid6: .... xor() 5099 MB/s, rmw enabled
[    9.935096] raid6: using ssse3x2 recovery algorithm
[    9.948456] xor: measuring software checksum speed
[   10.064138]    prefetch64-sse: 26905.000 MB/sec
[   10.172219]    generic_sse: 25144.000 MB/sec
[   10.180809] xor: using function: prefetch64-sse (26905.000 MB/sec)
[   10.196430] async_tx: api initialized (async)
done.
Begin: Running /scripts/init-premount ... done.
Begin: Mounting root file system ... Begin: Running /scripts/local-top ... done.
Begin: Running /scripts/local-premount ... [   10.332762] Btrfs loaded, crc32c=crc32c-intel
Scanning for Btrfs filesystems
done.
Begin: Will now check root file system ... fsck from util-linux 2.31.1
[/sbin/fsck.ext4 (1) -- /dev/sda1] fsck.ext4 -a -C0 /dev/sda1 
cloudimg-rootfs: recovering journal
cloudimg-rootfs: clean, 100019/5120000 files, 751299/10485499 blocks
done.
[   11.268613] EXT4-fs (sda1): mounted filesystem with ordered data mode. Opts: (null)
done.
Begin: Running /scripts/local-bottom ... done.
Begin: Running /scripts/init-bottom ... done.
[   13.175747] ip_tables: (C) 2000-2006 Netfilter Core Team
[   13.292587] systemd[1]: systemd 237 running in system mode. (+PAM +AUDIT +SELINUX +IMA +APPARMOR +SMACK +SYSVINIT +UTMP +LIBCRYPTSETUP +GCRYPT +GNUTLS +ACL +XZ +LZ4 +SECCOMP +BLKID +ELFUTILS +KMOD -IDN2 +IDN -PCRE2 default-hierarchy=hybrid)
[   13.331872] systemd[1]: Detected virtualization oracle.
[   13.342301] systemd[1]: Detected architecture x86-64.

Welcome to [1mUbuntu 18.04.6 LTS[0m!

[   13.396847] systemd[1]: Set hostname to <ubuntu-bionic>.
[   15.765488] systemd[1]: Set up automount Arbitrary Executable File Formats File System Automount Point.
[[0;32m  OK  [0m] Set up automount Arbitrary Executab…rmats File System Automount Point.
[   15.796974] systemd[1]: Created slice System Slice.
[[0;32m  OK  [0m] Created slice System Slice.
[   15.816779] systemd[1]: Listening on fsck to fsckd communication Socket.
[[0;32m  OK  [0m] Listening on fsck to fsckd communication Socket.
[   15.839817] systemd[1]: Listening on Device-mapper event daemon FIFOs.
[[0;32m  OK  [0m] Listening on Device-mapper event daemon FIFOs.
[   15.865771] systemd[1]: Started Forward Password Requests to Wall Directory Watch.
[[0;32m  OK  [0m] Started Forward Password Requests to Wall Directory Watch.
[   15.891342] systemd[1]: Reached target User and Group Name Lookups.
[[0;32m  OK  [0m] Reached target User and Group Name Lookups.
[[0;32m  OK  [0m] Listening on Journal Socket.
         Starting Remount Root and Kernel File Systems...
         Starting Set the console keyboard layout...
[[0;32m  OK  [0m] Listening on LVM2 metadata daemon socket.
         Mounting POSIX Message Queue File System...
[[0;32m  OK  [0m] Reached target System Time Synchronized.
[[0;32m  OK  [0m] Reached target Mounting snaps.
[[0;32m  OK  [0m] Reached target Mounted snaps.
[[0;32m  OK  [0m] [   16.030963] EXT4-fs (sda1): re-mounted. Opts: (null)
Listening on LVM2 poll daemon socket.
[[0;32m  OK  [0m] Listening on udev Control Socket.
         Starting Uncomplicated firewall...
[[0;32m  OK  [0m] Created slice User and Session Slice.
[[0;32m  OK  [0m] Listening on Syslog Socket.
[[0;32m  OK  [0m] Listening on Network Service Netlink Socket.
[[0;32m  OK  [0m] Created slice system-serial\x2dgetty.slice.
[[0;32m  OK  [0m] Reached target Swap.
         Mounting Huge Pages File System...
         Mounting Kernel Debug File System...
         Starting Monitoring of LVM2 mirrors…ng dmeventd or progress polling...
[[0;32m  OK  [0m] Listening on /dev/initctl Compatibility Named Pipe.
[[0;32m  OK  [0m] Listening on Journal Socket (/dev/log).
[[0;32m  OK  [0m] Reached target Slices.
[[0;32m  OK  [0m] Listening on Journal Audit Socket.
         Starting Create list of required st…ce nodes for the current kernel...
         Starting Journal Service...
[[0;32m  OK  [0m] Listening on udev Kernel Socket.
         Starting udev Coldplug all Devices...
         Starting Load Kernel Modules...
[[0;32m  OK  [0m] Started Journal Service.
[[0;32m  OK  [0m] Started Remount Root and Kernel File Systems.
[[0;32m  OK  [0m] Started Set the console keyboard layout.
[[0;32m  OK  [0m] Mounted POSIX Message Queue File System.
[[0;32m  OK  [0m] Started Uncomplicated firewall.
[[0;32m  OK  [0m] Mounted Huge Pages File System.
[[0;32m  OK  [0m] Mounted Kernel Debug File System.
[[0;32m  OK  [0m] Started Create list of required sta…vice nodes for the current kernel.
         Starting Create Static Device Nodes in /dev...
[   16.722419] Loading iSCSI transport class v2.0-870.
         Starting Load/Save Random Seed...
         Starting Flush Journal to Persistent Storage...
[[0;32m  OK  [0m] Started udev Coldplug all Devices.
[   16.876326] iscsi: registered transport (tcp)
[   16.965248] systemd-journald[420]: Received request to flush runtime journal from PID 1
[[0;32m  OK  [0m] Started LVM2 metadata daemon.
[[0;32m  OK  [0m] Started Load/Save Random Seed.
[   17.384025] iscsi: registered transport (iser)
[[0;32m  OK  [0m] Started Load Kernel Modules.
[[0;32m  OK  [0m] Started Create Static Device Nodes in /dev.
         Starting udev Kernel Device Manager...
         Starting Apply Kernel Variables...
         Mounting FUSE Control File System...
         Mounting Kernel Configuration File System...
[[0;32m  OK  [0m] Mounted FUSE Control File System.
[[0;32m  OK  [0m] Mounted Kernel Configuration File System.
[[0;32m  OK  [0m] Started Monitoring of LVM2 mirrors,…sing dmeventd or progress polling.
[[0;32m  OK  [0m] Reached target Local File Systems (Pre).
[[0;32m  OK  [0m] Reached target Local File Systems.
         Starting Tell Plymouth To Write Out Runtime Data...
         Starting Set console font and keymap...
         Starting ebtables ruleset management...
         Starting AppArmor initialization...
[[0;32m  OK  [0m] Started udev Kernel Device Manager.
[[0;32m  OK  [0m] Started Dispatch Password Requests to Console Directory Watch.
[[0;32m  OK  [0m] Reached target Local Encrypted Volumes.
[[0;32m  OK  [0m] Started Set console font and keymap.
[[0;32m  OK  [0m] Started Apply Kernel Variables.
[[0;32m  OK  [0m] Started Tell Plymouth To Write Out Runtime Data.
[[0;32m  OK  [0m] Found device /dev/ttyS0.
[[0;32m  OK  [0m] Started Flush Journal to Persistent Storage.
         Starting Create Volatile Files and Directories...
[[0;32m  OK  [0m] Started Create Volatile Files and Directories.
[[0;32m  OK  [0m] Started ebtables ruleset management.
         Starting Update UTMP about System Boot/Shutdown...
[[0;32m  OK  [0m] Listening on Load/Save RF Kill Switch Status /dev/rfkill Watch.
[[0;32m  OK  [0m] Started Update UTMP about System Boot/Shutdown.
[[0;32m  OK  [0m] Started AppArmor initialization.
         Starting Initial cloud-init job (pre-networking)...
         Starting Load AppArmor profiles managed internally by snapd...
         Mounting Arbitrary Executable File Formats File System...
[[0;32m  OK  [0m] Mounted Arbitrary Executable File Formats File System.
[[0;32m  OK  [0m] Started Load AppArmor profiles managed internally by snapd.
[   28.262024] cloud-init[547]: Cloud-init v. 23.1.2-0ubuntu0~18.04.1 running 'init-local' at Thu, 22 Aug 2024 13:37:38 +0000. Up 27.60 seconds.
[[0;32m  OK  [0m] Started Initial cloud-init job (pre-networking).
[[0;32m  OK  [0m] Reached target Network (Pre).
         Starting Network Service...
[[0;32m  OK  [0m] Started Network Service.
         Starting Wait for Network to be Configured...
         Starting Network Name Resolution...
[[0;32m  OK  [0m] Started Network Name Resolution.
[[0;32m  OK  [0m] Reached target Network.
[[0;32m  OK  [0m] Reached target Host and Network Name Lookups.
[[0;32m  OK  [0m] Started Wait for Network to be Configured.
         Starting Initial cloud-init job (metadata service crawler)...
[   31.424560] cloud-init[683]: Cloud-init v. 23.1.2-0ubuntu0~18.04.1 running 'init' at Thu, 22 Aug 2024 13:37:42 +0000. Up 31.08 seconds.
[   31.457020] cloud-init[683]: ci-info: ++++++++++++++++++++++++++++++++++++++Net device info++++++++++++++++++++++++++++++++++++++
[   31.490305] cloud-init[683]: ci-info: +--------+------+----------------------------+---------------+--------+-------------------+
[   31.515434] cloud-init[683]: ci-info: | Device |  Up  |          Address           |      Mask     | Scope  |     Hw-Address    |
[   31.544986] cloud-init[683]: ci-info: +--------+------+----------------------------+---------------+--------+-------------------+
[   31.574124] cloud-init[683]: ci-info: | enp0s3 | True |         10.0.2.15          | 255.255.255.0 | global | 02:3b:7b:b7:3b:2d |
[   31.604336] cloud-init[683]: ci-info: | enp0s3 | True | fe80::3b:7bff:feb7:3b2d/64 |       .       |  link  | 02:3b:7b:b7:3b:2d |
[   31.624575] cloud-init[683]: ci-info: |   lo   | True |         127.0.0.1          |   255.0.0.0   |  host  |         .         |
[   31.637915] cloud-init[683]: ci-info: |   lo   | True |          ::1/128           |       .       |  host  |         .         |
[   31.667403] cloud-init[683]: ci-info: +--------+------+----------------------------+---------------+--------+-------------------+
[   31.687477] cloud-init[683]: ci-info: ++++++++++++++++++++++++++++Route IPv4 info+++++++++++++++++++++++++++++
[   31.702109] cloud-init[683]: ci-info: +-------+-------------+----------+-----------------+-----------+-------+
[   31.721085] cloud-init[683]: ci-info: | Route | Destination | Gateway  |     Genmask     | Interface | Flags |
[   31.735814] cloud-init[683]: ci-info: +-------+-------------+----------+-----------------+-----------+-------+
[   31.759483] cloud-init[683]: ci-info: |   0   |   0.0.0.0   | 10.0.2.2 |     0.0.0.0     |   enp0s3  |   UG  |
[   31.772988] cloud-init[683]: ci-info: |   1   |   10.0.2.0  | 0.0.0.0  |  255.255.255.0  |   enp0s3  |   U   |
[   31.800327] cloud-init[683]: ci-info: |   2   |   10.0.2.2  | 0.0.0.0  | 255.255.255.255 |   enp0s3  |   UH  |
[   31.826172] cloud-init[683]: ci-info: +-------+-------------+----------+-----------------+-----------+-------+
[   31.842904] cloud-init[683]: ci-info: +++++++++++++++++++Route IPv6 info+++++++++++++++++++
[   31.856847] cloud-init[683]: ci-info: +-------+-------------+---------+-----------+-------+
[   31.869235] cloud-init[683]: ci-info: | Route | Destination | Gateway | Interface | Flags |
[   31.886393] cloud-init[683]: ci-info: +-------+-------------+---------+-----------+-------+
[   31.898232] cloud-init[683]: ci-info: |   1   |  fe80::/64  |    ::   |   enp0s3  |   U   |
[   31.912447] cloud-init[683]: ci-info: |   3   |    local    |    ::   |   enp0s3  |   U   |
[   31.925049] cloud-init[683]: ci-info: |   4   |   ff00::/8  |    ::   |   enp0s3  |   U   |
[   31.935735] cloud-init[683]: ci-info: +-------+-------------+---------+-----------+-------+
[[0;32m  OK  [0m] Started Initial cloud-init job (metadata service crawler).
[[0;32m  OK  [0m] Reached target Cloud-config availability.
[[0;32m  OK  [0m] Reached target System Initialization.
[[0;32m  OK  [0m] Listening on cloud-init hotplug hook socket.
[[0;32m  OK  [0m] Started Daily apt download activities.
[[0;32m  OK  [0m] Started Daily apt upgrade and clean activities.
         Starting Socket activation for snappy daemon.
[[0;32m  OK  [0m] Listening on D-Bus System Message Bus Socket.
[[0;32m  OK  [0m] Started Discard unused blocks once a week.
[[0;32m  OK  [0m] Started Daily Cleanup of Temporary Directories.
[[0;32m  OK  [0m] Listening on UUID daemon activation socket.
[[0;32m  OK  [0m] Started Message of the Day.
[[0;32m  OK  [0m] Started Ubuntu Advantage Timer for running repeated jobs.
[[0;32m  OK  [0m] Reached target Timers.
[[0;32m  OK  [0m] Listening on Open-iSCSI iscsid Socket.
[[0;32m  OK  [0m] Listening on ACPID Listen Socket.
[[0;32m  OK  [0m] Started ACPI Events Check.
[[0;32m  OK  [0m] Reached target Paths.
         Starting LXD - unix socket.
[[0;32m  OK  [0m] Reached target Network is Online.
         Starting Availability of block devices...
[[0;32m  OK  [0m] Reached target Remote File Systems (Pre).
[[0;32m  OK  [0m] Reached target Remote File Systems.
[[0;32m  OK  [0m] Listening on Socket activation for snappy daemon.
[[0;32m  OK  [0m] Listening on LXD - unix socket.
[[0;32m  OK  [0m] Started Availability of block devices.
[[0;32m  OK  [0m] Reached target Sockets.
[[0;32m  OK  [0m] Reached target Basic System.
[[0;32m  OK  [0m] Reached target Login Prompts (Pre).
         Starting Accounts Service...
[[0;32m  OK  [0m] Started irqbalance daemon.
         Starting Discard unused blocks...
         Starting Permit User Sessions...
[[0;32m  OK  [0m] Started Deferred execution scheduler.
[[0;32m  OK  [0m] Started Regular background program processing daemon.
         Starting Virtualbox guest utils...
[[0;32m  OK  [0m] Started D-Bus System Message Bus.
         Starting The Apache HTTP Server...
         Starting Message of the Day...
         Starting LXD - container startup/shutdown...
         Starting System Logging Service...
         Starting Login Service...
[[0;32m  OK  [0m] Started FUSE filesystem for LXC.
         Starting LSB: Record successful boot for GRUB...
         Starting Dispatcher daemon for systemd-networkd...
         Starting OpenBSD Secure Shell server...
         Starting LSB: automatic crash report generation...
         Starting Snap Daemon...
[[0;32m  OK  [0m] Started System Logging Service.
[[0;32m  OK  [0m] Started Discard unused blocks.
[[0;32m  OK  [0m] Started Permit User Sessions.
[[0;32m  OK  [0m] Started Login Service.
[[0;32m  OK  [0m] Started Unattended Upgrades Shutdown.
         Starting Authorization Manager...
         Starting Terminate Plymouth Boot Screen...
         Starting Hold until boot process finishes up...
[[0;32m  OK  [0m] Started Hold until boot process finishes up.
[[0;32m  OK  [0m] Started Serial Getty on ttyS0.
         Starting Set console scheme...
[[0;32m  OK  [0m] Started Terminate Plymouth Boot Screen.
[[0;32m  OK  [0m] Started LSB: automatic crash report generation.
[[0;32m  OK  [0m] Started Set console scheme.
[[0;32m  OK  [0m] Created slice system-getty.slice.
[[0;32m  OK  [0m] Started Getty on tty1.
[[0;32m  OK  [0m] Reached target Login Prompts.
[[0;32m  OK  [0m] Started LSB: Record successful boot for GRUB.
[[0;32m  OK  [0m] Started Authorization Manager.
[[0;32m  OK  [0m] Started Accounts Service.
[[0;32m  OK  [0m] Started OpenBSD Secure Shell server.
[[0;32m  OK  [0m] Started Dispatcher daemon for systemd-networkd.
[[0;32m  OK  [0m] Started Virtualbox guest utils.
[[0;32m  OK  [0m] Started The Apache HTTP Server.
[[0;32m  OK  [0m] Started LXD - container startup/shutdown.

Ubuntu 18.04.6 LTS ubuntu-bionic ttyS0

ubuntu-bionic login: [   43.046022] cloud-init[1251]: Cloud-init v. 23.1.2-0ubuntu0~18.04.1 running 'modules:config' at Thu, 22 Aug 2024 13:37:53 +0000. Up 42.80 seconds.
[   44.806592] cloud-init[1283]: Cloud-init v. 23.1.2-0ubuntu0~18.04.1 running 'modules:final' at Thu, 22 Aug 2024 13:37:55 +0000. Up 44.19 seconds.
[   44.873269] cloud-init[1283]: Cloud-init v. 23.1.2-0ubuntu0~18.04.1 finished at Thu, 22 Aug 2024 13:37:55 +0000. Datasource DataSourceNoCloud [seed=/dev/sdb][dsmode=net].  Up 44.74 seconds
